d:\code\c\day01\day01\debug\vc142.pdb
d:\code\c\day01\day01\debug\vc142.idb
d:\code\c\day01\day01\debug\socketclient_test.obj
d:\code\c\day01\day01\debug\socketclient.obj
d:\code\cheima\cheima\day01\day01\debug\vc142.pdb
d:\code\cheima\cheima\day01\day01\debug\vc142.idb
d:\code\cheima\cheima\day01\day01\debug\01_排序.obj
d:\code\cheima\cheima\day01\day01\debug\02_数据类型本质.obj
d:\code\cheima\cheima\day01\day01\debug\03_给类型起别名.obj
d:\code\cheima\cheima\day01\day01\debug\05_全局区分析.obj
d:\code\c\day01\debug\day01.ilk
d:\code\c\day01\debug\day01.exe
d:\code\c\day01\debug\day01.pdb
d:\code\cheima\cheima\day01\debug\day01.exe
d:\code\cheima\cheima\day01\debug\day01.ilk
d:\code\cheima\cheima\day01\debug\day01.pdb
d:\code\cheima\cheima\day01\day01\debug\socketclient.obj
d:\code\cheima\cheima\day01\day01\debug\socketclient_test.obj
d:\code\cheima\cheima\day01\day01\debug\day01.tlog\cl.command.1.tlog
d:\code\cheima\cheima\day01\day01\debug\day01.tlog\cl.read.1.tlog
d:\code\cheima\cheima\day01\day01\debug\day01.tlog\cl.write.1.tlog
d:\code\cheima\cheima\day01\day01\debug\day01.tlog\link.command.1.tlog
d:\code\cheima\cheima\day01\day01\debug\day01.tlog\link.read.1.tlog
d:\code\cheima\cheima\day01\day01\debug\day01.tlog\link.write.1.tlog
